SpotifyGain {
    today_rank: 0,
    yesterday_rank: 0,
    rank_diff: 0,
    title: "Sweetest",
    artist: "Unknown",
    today_streams: 0,
    yesterday_streams: 0,
    streams_diff: 0,
    percent_diff: NaN,
}
SpotifyGain {
    today_rank: 0,
    yesterday_rank: 0,
    rank_diff: 0,
    title: "Sweetest",
    artist: "Unknown",
    today_streams: 0,
    yesterday_streams: 0,
    streams_diff: 0,
    percent_diff: NaN,
}
SpotifyGain {
    today_rank: 0,
    yesterday_rank: 0,
    rank_diff: 0,
    title: "Sweetest",
    artist: "Unknown",
    today_streams: 0,
    yesterday_streams: 0,
    streams_diff: 0,
    percent_diff: NaN,
}
SpotifyGain {
    today_rank: 0,
    yesterday_rank: 0,
    rank_diff: 0,
    title: "Sweetest",
    artist: "Unknown",
    today_streams: 0,
    yesterday_streams: 0,
    streams_diff: 0,
    percent_diff: NaN,
}
SpotifyGain {
    today_rank: 0,
    yesterday_rank: 0,
    rank_diff: 0,
    title: "Sweetest",
    artist: "Unknown",
    today_streams: 0,
    yesterday_streams: 0,
    streams_diff: 0,
    percent_diff: NaN,
}
SpotifyGain {
    today_rank: 0,
    yesterday_rank: 0,
    rank_diff: 0,
    title: "Sweetest",
    artist: "Unknown",
    today_streams: 0,
    yesterday_streams: 0,
    streams_diff: 0,
    percent_diff: NaN,
}
SpotifyGain {
    today_rank: 0,
    yesterday_rank: 0,
    rank_diff: 0,
    title: "Sweetest",
    artist: "Unknown",
    today_streams: 0,
    yesterday_streams: 0,
    streams_diff: 0,
    percent_diff: NaN,
}
SpotifyGain {
    today_rank: 0,
    yesterday_rank: 0,
    rank_diff: 0,
    title: "Sweetest",
    artist: "Unknown",
    today_streams: 0,
    yesterday_streams: 0,
    streams_diff: 0,
    percent_diff: NaN,
}
SpotifyGain {
    today_rank: 0,
    yesterday_rank: 0,
    rank_diff: 0,
    title: "Sweetest",
    artist: "Unknown",
    today_streams: 0,
    yesterday_streams: 0,
    streams_diff: 0,
    percent_diff: NaN,
}
SpotifyGain {
    today_rank: 0,
    yesterday_rank: 0,
    rank_diff: 0,
    title: "Sweetest",
    artist: "Unknown",
    today_streams: 0,
    yesterday_streams: 0,
    streams_diff: 0,
    percent_diff: NaN,
}
SpotifyGain {
    today_rank: 0,
    yesterday_rank: 0,
    rank_diff: 0,
    title: "Sweetest",
    artist: "Unknown",
    today_streams: 0,
    yesterday_streams: 0,
    streams_diff: 0,
    percent_diff: NaN,
}
SpotifyGain {
    today_rank: 0,
    yesterday_rank: 0,
    rank_diff: 0,
    title: "Sweetest",
    artist: "Unknown",
    today_streams: 0,
    yesterday_streams: 0,
    streams_diff: 0,
    percent_diff: NaN,
}
SpotifyGain {
    today_rank: 0,
    yesterday_rank: 0,
    rank_diff: 0,
    title: "Sweetest",
    artist: "Unknown",
    today_streams: 0,
    yesterday_streams: 0,
    streams_diff: 0,
    percent_diff: NaN,
}
SpotifyGain {
    today_rank: 0,
    yesterday_rank: 0,
    rank_diff: 0,
    title: "Sweetest",
    artist: "Unknown",
    today_streams: 0,
    yesterday_streams: 0,
    streams_diff: 0,
    percent_diff: NaN,
}
SpotifyGain {
    today_rank: 0,
    yesterday_rank: 0,
    rank_diff: 0,
    title: "Sweetest",
    artist: "Unknown",
    today_streams: 0,
    yesterday_streams: 0,
    streams_diff: 0,
    percent_diff: NaN,
}
SpotifyGain {
    today_rank: 0,
    yesterday_rank: 0,
    rank_diff: 0,
    title: "Sweetest",
    artist: "Unknown",
    today_streams: 0,
    yesterday_streams: 0,
    streams_diff: 0,
    percent_diff: NaN,
}
SpotifyGain {
    today_rank: 0,
    yesterday_rank: 0,
    rank_diff: 0,
    title: "Sweetest",
    artist: "Unknown",
    today_streams: 0,
    yesterday_streams: 0,
    streams_diff: 0,
    percent_diff: NaN,
}
SpotifyGain {
    today_rank: 0,
    yesterday_rank: 0,
    rank_diff: 0,
    title: "Sweetest",
    artist: "Unknown",
    today_streams: 0,
    yesterday_streams: 0,
    streams_diff: 0,
    percent_diff: NaN,
}
SpotifyGain {
    today_rank: 0,
    yesterday_rank: 0,
    rank_diff: 0,
    title: "Sweetest",
    artist: "Unknown",
    today_streams: 0,
    yesterday_streams: 0,
    streams_diff: 0,
    percent_diff: NaN,
}
SpotifyGain {
    today_rank: 0,
    yesterday_rank: 0,
    rank_diff: 0,
    title: "Sweetest",
    artist: "Unknown",
    today_streams: 0,
    yesterday_streams: 0,
    streams_diff: 0,
    percent_diff: NaN,
}
SpotifyGain {
    today_rank: 0,
    yesterday_rank: 0,
    rank_diff: 0,
    title: "Sweetest",
    artist: "Unknown",
    today_streams: 0,
    yesterday_streams: 0,
    streams_diff: 0,
    percent_diff: NaN,
}
SpotifyGain {
    today_rank: 0,
    yesterday_rank: 0,
    rank_diff: 0,
    title: "Sweetest",
    artist: "Unknown",
    today_streams: 0,
    yesterday_streams: 0,
    streams_diff: 0,
    percent_diff: NaN,
}
SpotifyGain {
    today_rank: 0,
    yesterday_rank: 0,
    rank_diff: 0,
    title: "Sweetest",
    artist: "Unknown",
    today_streams: 0,
    yesterday_streams: 0,
    streams_diff: 0,
    percent_diff: NaN,
}
